
===========================================
Instance: A-n61-k9.vrp.txt
Algorithm: Random Search [1000x]
Timestamp: 2025-04-06 23:05:49
Iterations: 1000
Best*: 2605.5565712374646
Worst: 3563.8225433707876
Avg: 3084.416682802377
Std: 149.54218049506213

Best Solution Routes:
Route{depot=1, cities=[58, 47, 12, 30, 22, 57, 25, 37, 41, 7]}
Route{depot=1, cities=[39, 24, 34, 28]}
Route{depot=1, cities=[20, 59, 17, 53, 44, 18]}
Route{depot=1, cities=[50, 4, 23, 52, 56, 43, 5]}
Route{depot=1, cities=[31, 21, 3, 46, 33, 61]}
Route{depot=1, cities=[14, 48, 16, 8, 38, 29, 40]}
Route{depot=1, cities=[10, 45, 27, 19, 60, 36, 2]}
Route{depot=1, cities=[26, 6, 42, 54, 9, 11]}
Route{depot=1, cities=[13, 32, 35, 49, 51, 55, 15]}
===========================================

