
===========================================
Instance: A-n54-k7
Algorithm: Random Search [10k]
Timestamp: 2025-03-27 19:44:33
Iterations: 10000
Best*: 2306.652989728583
Worst: 3534.2959530283993
Avg: 2932.3792632437935
Std: 168.38112568828916
===========================================


===========================================
Instance: A-n54-k7
Algorithm: Genetic Algorithm [10x]
Timestamp: 2025-03-27 19:44:34
Iterations: 10
Best*: 1041.0994997305697
Worst: 1237.242455189636
Avg: 1144.3362687208337
Std: 55.32461919948958
===========================================


===========================================
Instance: A-n54-k7
Algorithm: Greedy Algorithm [1x]
Timestamp: 2025-03-27 19:44:34
Iterations: 1
Best*: 802.5112030131975
Worst: 802.5112030131975
Avg: 802.5112030131975
Std: 0.0
===========================================


===========================================
Instance: A-n54-k7
Algorithm: Random Search [10k]
Timestamp: 2025-03-27 21:16:37
Iterations: 10000
Best*: 2267.746588674642
Worst: 3497.489934001388
Avg: 2934.1640445146163
Std: 167.8066649490121
===========================================


===========================================
Instance: A-n54-k7
Algorithm: Genetic Algorithm [10x]
Timestamp: 2025-03-27 21:16:38
Iterations: 10
Best*: 1063.1955764123725
Worst: 1219.2210017607513
Avg: 1141.049920341074
Std: 54.92832117822787
===========================================


===========================================
Instance: A-n54-k7
Algorithm: Greedy Algorithm [1x]
Timestamp: 2025-03-27 21:16:38
Iterations: 1
Best*: 802.5112030131975
Worst: 802.5112030131975
Avg: 802.5112030131975
Std: 0.0
===========================================


===========================================
Instance: A-n54-k7
Algorithm: Random Search [10k]
Timestamp: 2025-03-27 21:56:36
Iterations: 10000
Best*: 2344.3682043054964
Worst: 3513.4415806562747
Avg: 2932.5620945732308
Std: 167.2990518946753
===========================================


===========================================
Instance: A-n54-k7
Algorithm: Genetic Algorithm [10x]
Timestamp: 2025-03-27 21:56:37
Iterations: 10
Best*: 1050.7985962845694
Worst: 1307.5431466445043
Avg: 1156.107219455243
Std: 82.31857515842502
===========================================


===========================================
Instance: A-n54-k7
Algorithm: Greedy Algorithm [1x]
Timestamp: 2025-03-27 21:56:37
Iterations: 1
Best*: 802.5112030131975
Worst: 802.5112030131975
Avg: 802.5112030131975
Std: 0.0
===========================================


===========================================
Instance: A-n54-k7
Algorithm: Random Search [10k]
Timestamp: 2025-03-27 22:17:41
Iterations: 10000
Best*: 2234.211594980281
Worst: 3529.1249948151426
Avg: 2933.147789541143
Std: 166.48114741603257
===========================================


===========================================
Instance: A-n54-k7
Algorithm: Genetic Algorithm [10x]
Timestamp: 2025-03-27 22:17:41
Iterations: 10
Best*: 2422.6153185043995
Worst: 2625.6810973895367
Avg: 2519.153059802692
Std: 63.5909292505797
===========================================


===========================================
Instance: A-n54-k7
Algorithm: Greedy Algorithm [1x]
Timestamp: 2025-03-27 22:17:41
Iterations: 1
Best*: 802.5112030131975
Worst: 802.5112030131975
Avg: 802.5112030131975
Std: 0.0
===========================================


===========================================
Instance: A-n54-k7
Algorithm: Random Search [10k]
Timestamp: 2025-03-27 22:19:54
Iterations: 10000
Best*: 2236.883716781189
Worst: 3544.2272809363403
Avg: 2932.3138903383056
Std: 165.87348056346354
===========================================


===========================================
Instance: A-n54-k7
Algorithm: Genetic Algorithm [10x]
Timestamp: 2025-03-27 22:19:54
Iterations: 10
Best*: 2339.232170318431
Worst: 2617.6664737596693
Avg: 2491.8078563698664
Std: 72.9127453642899
===========================================


===========================================
Instance: A-n54-k7
Algorithm: Greedy Algorithm [1x]
Timestamp: 2025-03-27 22:19:54
Iterations: 1
Best*: 802.5112030131975
Worst: 802.5112030131975
Avg: 802.5112030131975
Std: 0.0
===========================================


===========================================
Instance: A-n54-k7
Algorithm: Random Search [10k]
Timestamp: 2025-03-27 22:25:30
Iterations: 10000
Best*: 2275.625800521519
Worst: 3484.436112681385
Avg: 2934.6330501375405
Std: 166.84244180380765
===========================================


===========================================
Instance: A-n54-k7
Algorithm: Genetic Algorithm [10x]
Timestamp: 2025-03-27 22:25:31
Iterations: 10
Best*: 2416.0815802192105
Worst: 2593.3545270527857
Avg: 2503.1286840490975
Std: 48.43344881774744
===========================================


===========================================
Instance: A-n54-k7
Algorithm: Greedy Algorithm [1x]
Timestamp: 2025-03-27 22:25:31
Iterations: 1
Best*: 802.5112030131975
Worst: 802.5112030131975
Avg: 802.5112030131975
Std: 0.0
===========================================


===========================================
Instance: A-n54-k7
Algorithm: Random Search [10k]
Timestamp: 2025-03-27 22:25:39
Iterations: 10000
Best*: 2201.7942713253674
Worst: 3515.4512264997466
Avg: 2936.390741390587
Std: 168.939905623868
===========================================


===========================================
Instance: A-n54-k7
Algorithm: Genetic Algorithm [10x]
Timestamp: 2025-03-27 22:25:39
Iterations: 10
Best*: 2396.3090499441128
Worst: 2595.5260669564927
Avg: 2514.9504041710807
Std: 61.92506543984768
===========================================


===========================================
Instance: A-n54-k7
Algorithm: Greedy Algorithm [1x]
Timestamp: 2025-03-27 22:25:39
Iterations: 1
Best*: 802.5112030131975
Worst: 802.5112030131975
Avg: 802.5112030131975
Std: 0.0
===========================================


===========================================
Instance: A-n54-k7
Algorithm: Random Search [10k]
Timestamp: 2025-03-27 22:25:57
Iterations: 10000
Best*: 2240.849542744014
Worst: 3584.2392848905356
Avg: 2934.4961687490063
Std: 168.78513427083
===========================================


===========================================
Instance: A-n54-k7
Algorithm: Genetic Algorithm [10x]
Timestamp: 2025-03-27 22:25:57
Iterations: 10
Best*: 2437.014016520691
Worst: 2582.7655884092906
Avg: 2526.520843105395
Std: 43.07361078268185
===========================================


===========================================
Instance: A-n54-k7
Algorithm: Greedy Algorithm [1x]
Timestamp: 2025-03-27 22:25:57
Iterations: 1
Best*: 802.5112030131975
Worst: 802.5112030131975
Avg: 802.5112030131975
Std: 0.0
===========================================


===========================================
Instance: A-n54-k7
Algorithm: Random Search [10k]
Timestamp: 2025-03-27 22:26:12
Iterations: 10000
Best*: 2367.93503285869
Worst: 3607.5270211704865
Avg: 2934.582389279965
Std: 168.32475541446644
===========================================


===========================================
Instance: A-n54-k7
Algorithm: Genetic Algorithm [10x]
Timestamp: 2025-03-27 22:26:13
Iterations: 10
Best*: 2378.3834987441624
Worst: 2590.919363532111
Avg: 2513.978906471505
Std: 74.655364395303
===========================================


===========================================
Instance: A-n54-k7
Algorithm: Greedy Algorithm [1x]
Timestamp: 2025-03-27 22:26:13
Iterations: 1
Best*: 802.5112030131975
Worst: 802.5112030131975
Avg: 802.5112030131975
Std: 0.0
===========================================


===========================================
Instance: A-n54-k7
Algorithm: Random Search [10k]
Timestamp: 2025-03-27 22:27:52
Iterations: 10000
Best*: 2324.127653908381
Worst: 3513.675587895349
Avg: 2933.3828622543147
Std: 167.64729461119808
===========================================


===========================================
Instance: A-n54-k7
Algorithm: Genetic Algorithm [10x]
Timestamp: 2025-03-27 22:27:53
Iterations: 10
Best*: 2380.893624807244
Worst: 2628.193493945648
Avg: 2489.750983832338
Std: 68.92210221007522
===========================================


===========================================
Instance: A-n54-k7
Algorithm: Greedy Algorithm [1x]
Timestamp: 2025-03-27 22:27:53
Iterations: 1
Best*: 802.5112030131975
Worst: 802.5112030131975
Avg: 802.5112030131975
Std: 0.0
===========================================


===========================================
Instance: A-n54-k7
Algorithm: Random Search [10k]
Timestamp: 2025-03-27 22:28:56
Iterations: 10000
Best*: 2274.090050913184
Worst: 3478.3868451409126
Avg: 2932.7771491576527
Std: 167.56146796449144
===========================================


===========================================
Instance: A-n54-k7
Algorithm: Genetic Algorithm [10x]
Timestamp: 2025-03-27 22:28:56
Iterations: 10
Best*: 2437.845407958581
Worst: 2638.572344283321
Avg: 2506.9644871201754
Std: 55.113143367277274
===========================================


===========================================
Instance: A-n54-k7
Algorithm: Greedy Algorithm [1x]
Timestamp: 2025-03-27 22:28:56
Iterations: 1
Best*: 802.5112030131975
Worst: 802.5112030131975
Avg: 802.5112030131975
Std: 0.0
===========================================


===========================================
Instance: A-n54-k7
Algorithm: Random Search [10k]
Timestamp: 2025-03-27 22:29:09
Iterations: 10000
Best*: 2263.0196309232447
Worst: 3530.2989843903724
Avg: 2933.706270916921
Std: 167.7814858485368
===========================================


===========================================
Instance: A-n54-k7
Algorithm: Genetic Algorithm [10x]
Timestamp: 2025-03-27 22:29:10
Iterations: 10
Best*: 2403.4024553193976
Worst: 2599.329369271099
Avg: 2524.779623877714
Std: 48.84585618092945
===========================================


===========================================
Instance: A-n54-k7
Algorithm: Greedy Algorithm [1x]
Timestamp: 2025-03-27 22:29:10
Iterations: 1
Best*: 802.5112030131975
Worst: 802.5112030131975
Avg: 802.5112030131975
Std: 0.0
===========================================


===========================================
Instance: A-n54-k7
Algorithm: Random Search [10k]
Timestamp: 2025-03-27 22:48:21
Iterations: 10000
Best*: 2134.1015990556357
Worst: 3643.31338518301
Avg: 2936.2557665987774
Std: 167.5684665621966
===========================================


===========================================
Instance: A-n54-k7
Algorithm: Genetic Algorithm [10x]
Timestamp: 2025-03-27 22:48:23
Iterations: 10
Best*: 2434.9130815275694
Worst: 2554.2912703101483
Avg: 2504.7411865876543
Std: 38.149414910656986
===========================================


===========================================
Instance: A-n54-k7
Algorithm: Greedy Algorithm [1x]
Timestamp: 2025-03-27 22:48:23
Iterations: 1
Best*: 802.5112030131975
Worst: 802.5112030131975
Avg: 802.5112030131975
Std: 0.0
===========================================


===========================================
Instance: A-n32-k5
Algorithm: Random Search [10k]
Timestamp: 2025-03-27 22:50:27
Iterations: 10000
Best*: 1430.1282602341118
Worst: 2414.4955184695946
Avg: 1937.4954807948104
Std: 141.5459191516489
===========================================


===========================================
Instance: A-n32-k5
Algorithm: Genetic Algorithm [10x]
Timestamp: 2025-03-27 22:50:29
Iterations: 10
Best*: 1350.060704493657
Worst: 1666.449314614275
Avg: 1559.8387079151569
Std: 92.920302026403
===========================================


===========================================
Instance: A-n32-k5
Algorithm: Greedy Algorithm [1x]
Timestamp: 2025-03-27 22:50:29
Iterations: 1
Best*: 595.7103691942654
Worst: 595.7103691942654
Avg: 595.7103691942654
Std: 0.0
===========================================


===========================================
Instance: A-n32-k5
Algorithm: Random Search [10k]
Timestamp: 2025-03-27 22:51:12
Iterations: 10000
Best*: 719.678843227985
Worst: 1196.4215420470257
Avg: 968.4727383693954
Std: 69.95832781452027
===========================================


===========================================
Instance: A-n32-k5
Algorithm: Genetic Algorithm [10x]
Timestamp: 2025-03-27 22:51:12
Iterations: 10
Best*: 699.5432003459512
Worst: 818.3530843989295
Avg: 768.3895525556766
Std: 37.94328610690908
===========================================


===========================================
Instance: A-n32-k5
Algorithm: Greedy Algorithm [1x]
Timestamp: 2025-03-27 22:51:13
Iterations: 1
Best*: 297.8551845971327
Worst: 297.8551845971327
Avg: 297.8551845971327
Std: 0.0
===========================================


===========================================
Instance: A-n32-k5
Algorithm: Random Search [10k]
Timestamp: 2025-03-27 22:53:02
Iterations: 10000
Best*: 1369.44387894688
Worst: 2421.8580655008755
Avg: 1937.9964699224658
Std: 140.45184295941118
===========================================


===========================================
Instance: A-n32-k5
Algorithm: Genetic Algorithm [10x]
Timestamp: 2025-03-27 22:53:02
Iterations: 10
Best*: 1498.2773834281556
Worst: 1639.238212928743
Avg: 1561.0381956712615
Std: 45.3268392821727
===========================================


===========================================
Instance: A-n32-k5
Algorithm: Greedy Algorithm [1x]
Timestamp: 2025-03-27 22:53:02
Iterations: 1
Best*: 595.7103691942654
Worst: 595.7103691942654
Avg: 595.7103691942654
Std: 0.0
===========================================


===========================================
Instance: A-n32-k5
Algorithm: Random Search [10k]
Timestamp: 2025-03-27 22:59:33
Iterations: 10000
Best*: 1410.271481599582
Worst: 2424.1268495266995
Avg: 1939.5657336475265
Std: 142.3543404928049
===========================================


===========================================
Instance: A-n32-k5
Algorithm: Genetic Algorithm [10x]
Timestamp: 2025-03-27 22:59:33
Iterations: 10
Best*: 1454.979802346271
Worst: 1635.4892452083689
Avg: 1547.773823752221
Std: 51.0163146720134
===========================================


===========================================
Instance: A-n32-k5
Algorithm: Greedy Algorithm [1x]
Timestamp: 2025-03-27 22:59:33
Iterations: 1
Best*: 595.7103691942654
Worst: 595.7103691942654
Avg: 595.7103691942654
Std: 0.0
===========================================


===========================================
Instance: A-n32-k5
Algorithm: Random Search [10k]
Timestamp: 2025-03-27 23:13:04
Iterations: 10000
Best*: 3740.75790107367
Worst: 3740.757901073675
Avg: 3740.7579010736727
Std: 7.827336713101806E-13
===========================================


===========================================
Instance: A-n32-k5
Algorithm: Genetic Algorithm [10x]
Timestamp: 2025-03-27 23:13:04
Iterations: 10
Best*: 3740.7579010736704
Worst: 3740.757901073671
Avg: 3740.757901073671
Std: 3.2155493553843715E-13
===========================================


===========================================
Instance: A-n32-k5
Algorithm: Greedy Algorithm [1x]
Timestamp: 2025-03-27 23:13:04
Iterations: 1
Best*: 3740.757901073673
Worst: 3740.757901073673
Avg: 3740.757901073673
Std: 0.0
===========================================


===========================================
Instance: A-n32-k5
Algorithm: Random Search [10k]
Timestamp: 2025-03-27 23:16:00
Iterations: 10000
Best*: 1384.966071026891
Worst: 2419.2909122584033
Avg: 1939.2508199425965
Std: 141.0765948283393
===========================================


===========================================
Instance: A-n32-k5
Algorithm: Genetic Algorithm [10x]
Timestamp: 2025-03-27 23:16:00
Iterations: 10
Best*: 1422.786191719071
Worst: 1622.6381062593523
Avg: 1545.7830075517463
Std: 56.57388771867699
===========================================


===========================================
Instance: A-n32-k5
Algorithm: Greedy Algorithm [1x]
Timestamp: 2025-03-27 23:16:00
Iterations: 1
Best*: 595.7103691942654
Worst: 595.7103691942654
Avg: 595.7103691942654
Std: 0.0
===========================================


===========================================
Instance: A-n32-k5
Algorithm: Random Search [10k]
Timestamp: 2025-03-27 23:31:50
Iterations: 10000
Best*: 1348.5772908529423
Worst: 2412.266546408966
Avg: 1935.7708197017107
Std: 139.9357038325732
===========================================


===========================================
Instance: A-n32-k5
Algorithm: Genetic Algorithm [10x]
Timestamp: 2025-03-27 23:31:50
Iterations: 10
Best*: 1444.5758855701552
Worst: 1713.1509492420016
Avg: 1567.4353761198454
Std: 82.17046790669495
===========================================


===========================================
Instance: A-n32-k5
Algorithm: Greedy Algorithm [1x]
Timestamp: 2025-03-27 23:31:50
Iterations: 1
Best*: 595.7103691942654
Worst: 595.7103691942654
Avg: 595.7103691942654
Std: 0.0
===========================================


===========================================
Instance: A-n32-k5
Algorithm: Random Search [10k]
Timestamp: 2025-03-27 23:34:45
Iterations: 10000
Best*: 1383.5956246802373
Worst: 2434.3173453915915
Avg: 1937.6801630564337
Std: 142.07677184503018
===========================================


===========================================
Instance: A-n32-k5
Algorithm: Genetic Algorithm [10x]
Timestamp: 2025-03-27 23:34:45
Iterations: 10
Best*: 1437.1616168589783
Worst: 1605.2544716716711
Avg: 1545.0906003215998
Std: 61.17609971759635
===========================================


===========================================
Instance: A-n32-k5
Algorithm: Greedy Algorithm [1x]
Timestamp: 2025-03-27 23:34:45
Iterations: 1
Best*: 595.7103691942654
Worst: 595.7103691942654
Avg: 595.7103691942654
Std: 0.0
===========================================


===========================================
Instance: A-n32-k5
Algorithm: Random Search [10k]
Timestamp: 2025-03-27 23:35:16
Iterations: 10000
Best*: 1337.3464652479374
Worst: 2421.6701629628196
Avg: 1938.334728883504
Std: 140.9508514807315
===========================================


===========================================
Instance: A-n32-k5
Algorithm: Genetic Algorithm [10x]
Timestamp: 2025-03-27 23:35:16
Iterations: 10
Best*: 1466.7915631458216
Worst: 1581.0023168309442
Avg: 1509.8071696751538
Std: 34.07558442890983
===========================================


===========================================
Instance: A-n32-k5
Algorithm: Greedy Algorithm [1x]
Timestamp: 2025-03-27 23:35:16
Iterations: 1
Best*: 595.7103691942654
Worst: 595.7103691942654
Avg: 595.7103691942654
Std: 0.0
===========================================


===========================================
Instance: A-n32-k5
Algorithm: Random Search [10k]
Timestamp: 2025-03-27 23:35:38
Iterations: 10000
Best*: 1381.7590203623563
Worst: 2441.742806458743
Avg: 1935.827285835826
Std: 141.85551178238296
===========================================


===========================================
Instance: A-n32-k5
Algorithm: Genetic Algorithm [10x]
Timestamp: 2025-03-27 23:35:39
Iterations: 10
Best*: 1393.443254525406
Worst: 1530.9418268822767
Avg: 1474.745608589018
Std: 48.62537182862048
===========================================


===========================================
Instance: A-n32-k5
Algorithm: Greedy Algorithm [1x]
Timestamp: 2025-03-27 23:35:39
Iterations: 1
Best*: 595.7103691942654
Worst: 595.7103691942654
Avg: 595.7103691942654
Std: 0.0
===========================================


===========================================
Instance: A-n32-k5
Algorithm: Random Search [10k]
Timestamp: 2025-03-27 23:35:59
Iterations: 10000
Best*: 1389.7680693143361
Worst: 2428.462409770416
Avg: 1938.5748234980542
Std: 140.08246242186524
===========================================


===========================================
Instance: A-n32-k5
Algorithm: Genetic Algorithm [10x]
Timestamp: 2025-03-27 23:36:00
Iterations: 10
Best*: 1423.3523169113464
Worst: 1551.7118866721569
Avg: 1488.1115134621994
Std: 36.83908571215441
===========================================


===========================================
Instance: A-n32-k5
Algorithm: Greedy Algorithm [1x]
Timestamp: 2025-03-27 23:36:00
Iterations: 1
Best*: 595.7103691942654
Worst: 595.7103691942654
Avg: 595.7103691942654
Std: 0.0
===========================================


===========================================
Instance: A-n32-k5
Algorithm: Random Search [10k]
Timestamp: 2025-03-27 23:36:26
Iterations: 10000
Best*: 1355.52477791088
Worst: 2450.2954401824577
Avg: 1941.660218278297
Std: 143.029121512031
===========================================


===========================================
Instance: A-n32-k5
Algorithm: Genetic Algorithm [10x]
Timestamp: 2025-03-27 23:36:27
Iterations: 10
Best*: 1186.5687292391754
Worst: 1551.8535473973989
Avg: 1458.9751241544363
Std: 101.4635287106683
===========================================


===========================================
Instance: A-n32-k5
Algorithm: Greedy Algorithm [1x]
Timestamp: 2025-03-27 23:36:27
Iterations: 1
Best*: 595.7103691942654
Worst: 595.7103691942654
Avg: 595.7103691942654
Std: 0.0
===========================================


===========================================
Instance: A-n32-k5
Algorithm: Random Search [10k]
Timestamp: 2025-03-27 23:36:40
Iterations: 10000
Best*: 1415.5565680408927
Worst: 2459.2234462983897
Avg: 1938.4214075819377
Std: 141.88624220415753
===========================================


===========================================
Instance: A-n32-k5
Algorithm: Genetic Algorithm [10x]
Timestamp: 2025-03-27 23:36:41
Iterations: 10
Best*: 1423.4958491025084
Worst: 1515.0743493433265
Avg: 1477.9097780710108
Std: 30.091808955600996
===========================================


===========================================
Instance: A-n32-k5
Algorithm: Greedy Algorithm [1x]
Timestamp: 2025-03-27 23:36:41
Iterations: 1
Best*: 595.7103691942654
Worst: 595.7103691942654
Avg: 595.7103691942654
Std: 0.0
===========================================


===========================================
Instance: A-n32-k5
Algorithm: Random Search [10k]
Timestamp: 2025-03-27 23:37:03
Iterations: 10000
Best*: 1333.1962020203869
Worst: 2416.531917443234
Avg: 1938.7268940161957
Std: 140.68336270722497
===========================================


===========================================
Instance: A-n32-k5
Algorithm: Genetic Algorithm [10x]
Timestamp: 2025-03-27 23:37:04
Iterations: 10
Best*: 1446.1240879890538
Worst: 1569.9051613127865
Avg: 1494.4623299902773
Std: 42.74770761134484
===========================================


===========================================
Instance: A-n32-k5
Algorithm: Greedy Algorithm [1x]
Timestamp: 2025-03-27 23:37:04
Iterations: 1
Best*: 595.7103691942654
Worst: 595.7103691942654
Avg: 595.7103691942654
Std: 0.0
===========================================


===========================================
Instance: A-n32-k5
Algorithm: Random Search [10k]
Timestamp: 2025-03-27 23:37:17
Iterations: 10000
Best*: 1352.8511014895846
Worst: 2429.3865445469187
Avg: 1939.897889573885
Std: 141.60942213357117
===========================================


===========================================
Instance: A-n32-k5
Algorithm: Genetic Algorithm [10x]
Timestamp: 2025-03-27 23:37:18
Iterations: 10
Best*: 1373.4377725297368
Worst: 1558.002163586281
Avg: 1466.9814633837198
Std: 47.78062117839972
===========================================


===========================================
Instance: A-n32-k5
Algorithm: Greedy Algorithm [1x]
Timestamp: 2025-03-27 23:37:18
Iterations: 1
Best*: 595.7103691942654
Worst: 595.7103691942654
Avg: 595.7103691942654
Std: 0.0
===========================================

