
===========================================
Instance: A-n61-k9.vrp.txt
Algorithm: Greedy Search [1x]
Timestamp: 2025-04-06 23:15:52
Iterations: 1
Best*: 1421.160461045536
Worst: 1421.160461045536
Avg: 1421.160461045536
Std: 0.0

Best Solution Routes:
Route{depot=1, cities=[15, 8, 24, 20, 16]}
Route{depot=1, cities=[10, 52, 40, 14, 51, 13, 23, 5, 27, 28]}
Route{depot=1, cities=[56, 34, 43, 33, 44, 31, 4]}
Route{depot=1, cities=[18, 58, 53, 32, 61, 12, 45, 57]}
Route{depot=1, cities=[29, 2, 17, 49, 36, 19, 48, 7]}
Route{depot=1, cities=[25, 11, 39]}
Route{depot=1, cities=[59, 26, 41, 21, 42, 9, 47]}
Route{depot=1, cities=[35, 22, 30, 37, 54, 3, 60]}
Route{depot=1, cities=[50, 38, 46, 6, 55]}
===========================================

