
===========================================
Instance: A-n61-k9.vrp.txt
Algorithm: Simulated Annealing [10x]
Timestamp: 2025-04-06 23:15:56
Iterations: 10
Best*: 1265.2234898517643
Worst: 1592.668182091054
Avg: 1412.5567104221668
Std: 98.7202682582279

Best Solution Routes:
Route{depot=1, cities=[45, 12, 35, 49, 19, 17, 2]}
Route{depot=1, cities=[13, 5, 27, 44, 33, 43, 24]}
Route{depot=1, cities=[14, 51, 34, 25, 7, 6, 55, 47, 41]}
Route{depot=1, cities=[52, 36, 48, 22, 37, 30, 59]}
Route{depot=1, cities=[11, 46, 38, 31, 60, 50, 26]}
Route{depot=1, cities=[21, 42, 54, 3, 9, 28, 57]}
Route{depot=1, cities=[39, 16, 4]}
Route{depot=1, cities=[58, 53, 32, 61, 18, 29, 40, 10]}
Route{depot=1, cities=[56, 23, 8, 20, 15]}
===========================================

