
===========================================
Instance: A-n61-k9.vrp.txt
Algorithm: Genetic Algorithm [10x]
Timestamp: 2025-04-06 23:10:36
Iterations: 10
Best*: 1090.8594304193978
Worst: 1220.4133646558744
Avg: 1154.2393673772126
Std: 35.049080404714566

Best Solution Routes:
Route{depot=1, cities=[51, 23, 13, 58, 53, 32, 18, 14]}
Route{depot=1, cities=[34, 43, 31, 38, 46, 60, 11, 25]}
Route{depot=1, cities=[15, 8, 36, 19, 49, 17, 35]}
Route{depot=1, cities=[4, 39, 16]}
Route{depot=1, cities=[20, 41, 54, 9, 7, 21, 26]}
Route{depot=1, cities=[59, 30, 37, 22, 28, 57, 48, 52]}
Route{depot=1, cities=[24, 33, 5, 27, 44, 56]}
Route{depot=1, cities=[50, 3, 47, 55, 6, 42]}
Route{depot=1, cities=[10, 2, 12, 61, 29, 45, 40]}
===========================================

