
===========================================
Instance: A-n37-k6.vrp.txt
Algorithm: Random Search [1000x]
Timestamp: 2025-04-05 11:28:35
Iterations: 1000
Best*: 1774.9357033544675
Worst: 2547.499366911485
Avg: 2193.3364399424977
Std: 125.44639829055502

Best Solution Routes:
Route{depot=1, cities=[22, 37, 19, 30, 14, 28]}
Route{depot=1, cities=[17, 2, 24, 20, 7, 23, 31, 13, 29]}
Route{depot=1, cities=[25, 12, 33, 11, 3]}
Route{depot=1, cities=[34, 10, 21, 6, 9, 4, 5, 15]}
Route{depot=1, cities=[36, 26, 32]}
Route{depot=1, cities=[8, 16, 27, 18, 35]}
===========================================


===========================================
Instance: A-n37-k6.vrp.txt
Algorithm: Genetic Algorithm [10x]
Timestamp: 2025-04-05 11:28:35
Iterations: 10
Best*: 1151.8175539553176
Worst: 1307.408795530342
Avg: 1237.3474068976077
Std: 45.991717117517965

Best Solution Routes:
Route{depot=1, cities=[32, 20, 11, 13, 23, 24, 29, 18]}
Route{depot=1, cities=[14, 36, 26]}
Route{depot=1, cities=[8, 12, 27, 22, 3, 34]}
Route{depot=1, cities=[15, 16, 31, 33, 28, 5, 19]}
Route{depot=1, cities=[21, 4, 2, 9, 6, 10, 35]}
Route{depot=1, cities=[25, 17, 7, 30, 37]}
===========================================


===========================================
Instance: A-n37-k6.vrp.txt
Algorithm: Greedy Search [1x]
Timestamp: 2025-04-05 11:28:35
Iterations: 1
Best*: 1341.8779365605787
Worst: 1341.8779365605787
Avg: 1341.8779365605787
Std: 0.0

Best Solution Routes:
Route{depot=1, cities=[25, 17, 8, 15, 19, 5, 18, 20, 2, 13]}
Route{depot=1, cities=[30, 37, 7, 21, 9, 6, 34, 29]}
Route{depot=1, cities=[35, 32, 27, 11, 12, 26]}
Route{depot=1, cities=[14, 31, 16, 33, 28]}
Route{depot=1, cities=[36, 23, 24]}
Route{depot=1, cities=[4, 10, 22, 3]}
===========================================

